Start testing: Jan 07 18:38 -04
----------------------------------------------------------
1/20 Testing: CPWPerfts.StartPos
1/20 Test: CPWPerfts.StartPos
Command: "/home/tg1117/chess_engine/test/build/hello_test" "--gtest_filter=CPWPerfts.StartPos" "--gtest_also_run_disabled_tests"
Directory: /home/tg1117/chess_engine/test/build
"CPWPerfts.StartPos" start time: Jan 07 18:38 -04
Output:
----------------------------------------------------------
Note: Google Test filter = CPWPerfts.StartPos
[==========] Running 1 test from 1 test suite.
[----------] Global test environment set-up.
[----------] 1 test from CPWPerfts
[ RUN      ] CPWPerfts.StartPos
[       OK ] CPWPerfts.StartPos (7812 ms)
[----------] 1 test from CPWPerfts (7812 ms total)

[----------] Global test environment tear-down
[==========] 1 test from 1 test suite ran. (7812 ms total)
[  PASSED  ] 1 test.
<end of output>
Test time =   7.83 sec
----------------------------------------------------------
Test Passed.
"CPWPerfts.StartPos" end time: Jan 07 18:39 -04
"CPWPerfts.StartPos" time elapsed: 00:00:07
----------------------------------------------------------

2/20 Testing: CPWPerfts.Kiwipete
2/20 Test: CPWPerfts.Kiwipete
Command: "/home/tg1117/chess_engine/test/build/hello_test" "--gtest_filter=CPWPerfts.Kiwipete" "--gtest_also_run_disabled_tests"
Directory: /home/tg1117/chess_engine/test/build
"CPWPerfts.Kiwipete" start time: Jan 07 18:39 -04
Output:
----------------------------------------------------------
Note: Google Test filter = CPWPerfts.Kiwipete
[==========] Running 1 test from 1 test suite.
[----------] Global test environment set-up.
[----------] 1 test from CPWPerfts
[ RUN      ] CPWPerfts.Kiwipete
[       OK ] CPWPerfts.Kiwipete (12474 ms)
[----------] 1 test from CPWPerfts (12474 ms total)

[----------] Global test environment tear-down
[==========] 1 test from 1 test suite ran. (12474 ms total)
[  PASSED  ] 1 test.
<end of output>
Test time =  12.49 sec
----------------------------------------------------------
Test Passed.
"CPWPerfts.Kiwipete" end time: Jan 07 18:39 -04
"CPWPerfts.Kiwipete" time elapsed: 00:00:12
----------------------------------------------------------

3/20 Testing: CPWPerfts.Position3
3/20 Test: CPWPerfts.Position3
Command: "/home/tg1117/chess_engine/test/build/hello_test" "--gtest_filter=CPWPerfts.Position3" "--gtest_also_run_disabled_tests"
Directory: /home/tg1117/chess_engine/test/build
"CPWPerfts.Position3" start time: Jan 07 18:39 -04
Output:
----------------------------------------------------------
Note: Google Test filter = CPWPerfts.Position3
[==========] Running 1 test from 1 test suite.
[----------] Global test environment set-up.
[----------] 1 test from CPWPerfts
[ RUN      ] CPWPerfts.Position3
[       OK ] CPWPerfts.Position3 (863 ms)
[----------] 1 test from CPWPerfts (863 ms total)

[----------] Global test environment tear-down
[==========] 1 test from 1 test suite ran. (863 ms total)
[  PASSED  ] 1 test.
<end of output>
Test time =   0.88 sec
----------------------------------------------------------
Test Passed.
"CPWPerfts.Position3" end time: Jan 07 18:39 -04
"CPWPerfts.Position3" time elapsed: 00:00:00
----------------------------------------------------------

4/20 Testing: CPWPerfts.Position4
4/20 Test: CPWPerfts.Position4
Command: "/home/tg1117/chess_engine/test/build/hello_test" "--gtest_filter=CPWPerfts.Position4" "--gtest_also_run_disabled_tests"
Directory: /home/tg1117/chess_engine/test/build
"CPWPerfts.Position4" start time: Jan 07 18:39 -04
Output:
----------------------------------------------------------
Note: Google Test filter = CPWPerfts.Position4
[==========] Running 1 test from 1 test suite.
[----------] Global test environment set-up.
[----------] 1 test from CPWPerfts
[ RUN      ] CPWPerfts.Position4
[       OK ] CPWPerfts.Position4 (1101 ms)
[----------] 1 test from CPWPerfts (1101 ms total)

[----------] Global test environment tear-down
[==========] 1 test from 1 test suite ran. (1101 ms total)
[  PASSED  ] 1 test.
<end of output>
Test time =   1.12 sec
----------------------------------------------------------
Test Passed.
"CPWPerfts.Position4" end time: Jan 07 18:39 -04
"CPWPerfts.Position4" time elapsed: 00:00:01
----------------------------------------------------------

5/20 Testing: CPWPerfts.Position5
5/20 Test: CPWPerfts.Position5
Command: "/home/tg1117/chess_engine/test/build/hello_test" "--gtest_filter=CPWPerfts.Position5" "--gtest_also_run_disabled_tests"
Directory: /home/tg1117/chess_engine/test/build
"CPWPerfts.Position5" start time: Jan 07 18:39 -04
Output:
----------------------------------------------------------
Note: Google Test filter = CPWPerfts.Position5
[==========] Running 1 test from 1 test suite.
[----------] Global test environment set-up.
[----------] 1 test from CPWPerfts
[ RUN      ] CPWPerfts.Position5
[       OK ] CPWPerfts.Position5 (5949 ms)
[----------] 1 test from CPWPerfts (5949 ms total)

[----------] Global test environment tear-down
[==========] 1 test from 1 test suite ran. (5949 ms total)
[  PASSED  ] 1 test.
<end of output>
Test time =   5.97 sec
----------------------------------------------------------
Test Passed.
"CPWPerfts.Position5" end time: Jan 07 18:39 -04
"CPWPerfts.Position5" time elapsed: 00:00:05
----------------------------------------------------------

6/20 Testing: CPWPerfts.Position6
6/20 Test: CPWPerfts.Position6
Command: "/home/tg1117/chess_engine/test/build/hello_test" "--gtest_filter=CPWPerfts.Position6" "--gtest_also_run_disabled_tests"
Directory: /home/tg1117/chess_engine/test/build
"CPWPerfts.Position6" start time: Jan 07 18:39 -04
Output:
----------------------------------------------------------
Note: Google Test filter = CPWPerfts.Position6
[==========] Running 1 test from 1 test suite.
[----------] Global test environment set-up.
[----------] 1 test from CPWPerfts
[ RUN      ] CPWPerfts.Position6
[       OK ] CPWPerfts.Position6 (10409 ms)
[----------] 1 test from CPWPerfts (10409 ms total)

[----------] Global test environment tear-down
[==========] 1 test from 1 test suite ran. (10409 ms total)
[  PASSED  ] 1 test.
<end of output>
Test time =  10.43 sec
----------------------------------------------------------
Test Passed.
"CPWPerfts.Position6" end time: Jan 07 18:39 -04
"CPWPerfts.Position6" time elapsed: 00:00:10
----------------------------------------------------------

7/20 Testing: TalkChess.IllegalEP1
7/20 Test: TalkChess.IllegalEP1
Command: "/home/tg1117/chess_engine/test/build/hello_test" "--gtest_filter=TalkChess.IllegalEP1" "--gtest_also_run_disabled_tests"
Directory: /home/tg1117/chess_engine/test/build
"TalkChess.IllegalEP1" start time: Jan 07 18:39 -04
Output:
----------------------------------------------------------
Note: Google Test filter = TalkChess.IllegalEP1
[==========] Running 1 test from 1 test suite.
[----------] Global test environment set-up.
[----------] 1 test from TalkChess
[ RUN      ] TalkChess.IllegalEP1
[       OK ] TalkChess.IllegalEP1 (108 ms)
[----------] 1 test from TalkChess (108 ms total)

[----------] Global test environment tear-down
[==========] 1 test from 1 test suite ran. (109 ms total)
[  PASSED  ] 1 test.
<end of output>
Test time =   0.13 sec
----------------------------------------------------------
Test Passed.
"TalkChess.IllegalEP1" end time: Jan 07 18:39 -04
"TalkChess.IllegalEP1" time elapsed: 00:00:00
----------------------------------------------------------

8/20 Testing: TalkChess.IllegalEP2
8/20 Test: TalkChess.IllegalEP2
Command: "/home/tg1117/chess_engine/test/build/hello_test" "--gtest_filter=TalkChess.IllegalEP2" "--gtest_also_run_disabled_tests"
Directory: /home/tg1117/chess_engine/test/build
"TalkChess.IllegalEP2" start time: Jan 07 18:39 -04
Output:
----------------------------------------------------------
Note: Google Test filter = TalkChess.IllegalEP2
[==========] Running 1 test from 1 test suite.
[----------] Global test environment set-up.
[----------] 1 test from TalkChess
[ RUN      ] TalkChess.IllegalEP2
[       OK ] TalkChess.IllegalEP2 (81 ms)
[----------] 1 test from TalkChess (81 ms total)

[----------] Global test environment tear-down
[==========] 1 test from 1 test suite ran. (81 ms total)
[  PASSED  ] 1 test.
<end of output>
Test time =   0.10 sec
----------------------------------------------------------
Test Passed.
"TalkChess.IllegalEP2" end time: Jan 07 18:39 -04
"TalkChess.IllegalEP2" time elapsed: 00:00:00
----------------------------------------------------------

9/20 Testing: TalkChess.EPCaptureCheck
9/20 Test: TalkChess.EPCaptureCheck
Command: "/home/tg1117/chess_engine/test/build/hello_test" "--gtest_filter=TalkChess.EPCaptureCheck" "--gtest_also_run_disabled_tests"
Directory: /home/tg1117/chess_engine/test/build
"TalkChess.EPCaptureCheck" start time: Jan 07 18:39 -04
Output:
----------------------------------------------------------
Note: Google Test filter = TalkChess.EPCaptureCheck
[==========] Running 1 test from 1 test suite.
[----------] Global test environment set-up.
[----------] 1 test from TalkChess
[ RUN      ] TalkChess.EPCaptureCheck
[       OK ] TalkChess.EPCaptureCheck (122 ms)
[----------] 1 test from TalkChess (122 ms total)

[----------] Global test environment tear-down
[==========] 1 test from 1 test suite ran. (122 ms total)
[  PASSED  ] 1 test.
<end of output>
Test time =   0.14 sec
----------------------------------------------------------
Test Passed.
"TalkChess.EPCaptureCheck" end time: Jan 07 18:39 -04
"TalkChess.EPCaptureCheck" time elapsed: 00:00:00
----------------------------------------------------------

10/20 Testing: TalkChess.ShortCastleCheck
10/20 Test: TalkChess.ShortCastleCheck
Command: "/home/tg1117/chess_engine/test/build/hello_test" "--gtest_filter=TalkChess.ShortCastleCheck" "--gtest_also_run_disabled_tests"
Directory: /home/tg1117/chess_engine/test/build
"TalkChess.ShortCastleCheck" start time: Jan 07 18:39 -04
Output:
----------------------------------------------------------
Note: Google Test filter = TalkChess.ShortCastleCheck
[==========] Running 1 test from 1 test suite.
[----------] Global test environment set-up.
[----------] 1 test from TalkChess
[ RUN      ] TalkChess.ShortCastleCheck
[       OK ] TalkChess.ShortCastleCheck (59 ms)
[----------] 1 test from TalkChess (59 ms total)

[----------] Global test environment tear-down
[==========] 1 test from 1 test suite ran. (59 ms total)
[  PASSED  ] 1 test.
<end of output>
Test time =   0.07 sec
----------------------------------------------------------
Test Passed.
"TalkChess.ShortCastleCheck" end time: Jan 07 18:39 -04
"TalkChess.ShortCastleCheck" time elapsed: 00:00:00
----------------------------------------------------------

11/20 Testing: TalkChess.LongCastleCheck
11/20 Test: TalkChess.LongCastleCheck
Command: "/home/tg1117/chess_engine/test/build/hello_test" "--gtest_filter=TalkChess.LongCastleCheck" "--gtest_also_run_disabled_tests"
Directory: /home/tg1117/chess_engine/test/build
"TalkChess.LongCastleCheck" start time: Jan 07 18:39 -04
Output:
----------------------------------------------------------
Note: Google Test filter = TalkChess.LongCastleCheck
[==========] Running 1 test from 1 test suite.
[----------] Global test environment set-up.
[----------] 1 test from TalkChess
[ RUN      ] TalkChess.LongCastleCheck
[       OK ] TalkChess.LongCastleCheck (74 ms)
[----------] 1 test from TalkChess (74 ms total)

[----------] Global test environment tear-down
[==========] 1 test from 1 test suite ran. (74 ms total)
[  PASSED  ] 1 test.
<end of output>
Test time =   0.09 sec
----------------------------------------------------------
Test Passed.
"TalkChess.LongCastleCheck" end time: Jan 07 18:39 -04
"TalkChess.LongCastleCheck" time elapsed: 00:00:00
----------------------------------------------------------

12/20 Testing: TalkChess.CastleRights
12/20 Test: TalkChess.CastleRights
Command: "/home/tg1117/chess_engine/test/build/hello_test" "--gtest_filter=TalkChess.CastleRights" "--gtest_also_run_disabled_tests"
Directory: /home/tg1117/chess_engine/test/build
"TalkChess.CastleRights" start time: Jan 07 18:39 -04
Output:
----------------------------------------------------------
Note: Google Test filter = TalkChess.CastleRights
[==========] Running 1 test from 1 test suite.
[----------] Global test environment set-up.
[----------] 1 test from TalkChess
[ RUN      ] TalkChess.CastleRights
[       OK ] TalkChess.CastleRights (78 ms)
[----------] 1 test from TalkChess (78 ms total)

[----------] Global test environment tear-down
[==========] 1 test from 1 test suite ran. (78 ms total)
[  PASSED  ] 1 test.
<end of output>
Test time =   0.09 sec
----------------------------------------------------------
Test Passed.
"TalkChess.CastleRights" end time: Jan 07 18:39 -04
"TalkChess.CastleRights" time elapsed: 00:00:00
----------------------------------------------------------

13/20 Testing: TalkChess.CastlingPrevented
13/20 Test: TalkChess.CastlingPrevented
Command: "/home/tg1117/chess_engine/test/build/hello_test" "--gtest_filter=TalkChess.CastlingPrevented" "--gtest_also_run_disabled_tests"
Directory: /home/tg1117/chess_engine/test/build
"TalkChess.CastlingPrevented" start time: Jan 07 18:39 -04
Output:
----------------------------------------------------------
Note: Google Test filter = TalkChess.CastlingPrevented
[==========] Running 1 test from 1 test suite.
[----------] Global test environment set-up.
[----------] 1 test from TalkChess
[ RUN      ] TalkChess.CastlingPrevented
[       OK ] TalkChess.CastlingPrevented (133 ms)
[----------] 1 test from TalkChess (133 ms total)

[----------] Global test environment tear-down
[==========] 1 test from 1 test suite ran. (133 ms total)
[  PASSED  ] 1 test.
<end of output>
Test time =   0.15 sec
----------------------------------------------------------
Test Passed.
"TalkChess.CastlingPrevented" end time: Jan 07 18:39 -04
"TalkChess.CastlingPrevented" time elapsed: 00:00:00
----------------------------------------------------------

14/20 Testing: TalkChess.PromoteOutOfCheck
14/20 Test: TalkChess.PromoteOutOfCheck
Command: "/home/tg1117/chess_engine/test/build/hello_test" "--gtest_filter=TalkChess.PromoteOutOfCheck" "--gtest_also_run_disabled_tests"
Directory: /home/tg1117/chess_engine/test/build
"TalkChess.PromoteOutOfCheck" start time: Jan 07 18:39 -04
Output:
----------------------------------------------------------
Note: Google Test filter = TalkChess.PromoteOutOfCheck
[==========] Running 1 test from 1 test suite.
[----------] Global test environment set-up.
[----------] 1 test from TalkChess
[ RUN      ] TalkChess.PromoteOutOfCheck
[       OK ] TalkChess.PromoteOutOfCheck (274 ms)
[----------] 1 test from TalkChess (274 ms total)

[----------] Global test environment tear-down
[==========] 1 test from 1 test suite ran. (274 ms total)
[  PASSED  ] 1 test.
<end of output>
Test time =   0.29 sec
----------------------------------------------------------
Test Passed.
"TalkChess.PromoteOutOfCheck" end time: Jan 07 18:39 -04
"TalkChess.PromoteOutOfCheck" time elapsed: 00:00:00
----------------------------------------------------------

15/20 Testing: TalkChess.DiscoveredCheck
15/20 Test: TalkChess.DiscoveredCheck
Command: "/home/tg1117/chess_engine/test/build/hello_test" "--gtest_filter=TalkChess.DiscoveredCheck" "--gtest_also_run_disabled_tests"
Directory: /home/tg1117/chess_engine/test/build
"TalkChess.DiscoveredCheck" start time: Jan 07 18:39 -04
Output:
----------------------------------------------------------
Note: Google Test filter = TalkChess.DiscoveredCheck
[==========] Running 1 test from 1 test suite.
[----------] Global test environment set-up.
[----------] 1 test from TalkChess
[ RUN      ] TalkChess.DiscoveredCheck
[       OK ] TalkChess.DiscoveredCheck (58 ms)
[----------] 1 test from TalkChess (58 ms total)

[----------] Global test environment tear-down
[==========] 1 test from 1 test suite ran. (58 ms total)
[  PASSED  ] 1 test.
<end of output>
Test time =   0.07 sec
----------------------------------------------------------
Test Passed.
"TalkChess.DiscoveredCheck" end time: Jan 07 18:39 -04
"TalkChess.DiscoveredCheck" time elapsed: 00:00:00
----------------------------------------------------------

16/20 Testing: TalkChess.PromoteToCheck
16/20 Test: TalkChess.PromoteToCheck
Command: "/home/tg1117/chess_engine/test/build/hello_test" "--gtest_filter=TalkChess.PromoteToCheck" "--gtest_also_run_disabled_tests"
Directory: /home/tg1117/chess_engine/test/build
"TalkChess.PromoteToCheck" start time: Jan 07 18:39 -04
Output:
----------------------------------------------------------
Note: Google Test filter = TalkChess.PromoteToCheck
[==========] Running 1 test from 1 test suite.
[----------] Global test environment set-up.
[----------] 1 test from TalkChess
[ RUN      ] TalkChess.PromoteToCheck
[       OK ] TalkChess.PromoteToCheck (18 ms)
[----------] 1 test from TalkChess (18 ms total)

[----------] Global test environment tear-down
[==========] 1 test from 1 test suite ran. (18 ms total)
[  PASSED  ] 1 test.
<end of output>
Test time =   0.03 sec
----------------------------------------------------------
Test Passed.
"TalkChess.PromoteToCheck" end time: Jan 07 18:39 -04
"TalkChess.PromoteToCheck" time elapsed: 00:00:00
----------------------------------------------------------

17/20 Testing: TalkChess.UnderPromoteToCheck
17/20 Test: TalkChess.UnderPromoteToCheck
Command: "/home/tg1117/chess_engine/test/build/hello_test" "--gtest_filter=TalkChess.UnderPromoteToCheck" "--gtest_also_run_disabled_tests"
Directory: /home/tg1117/chess_engine/test/build
"TalkChess.UnderPromoteToCheck" start time: Jan 07 18:39 -04
Output:
----------------------------------------------------------
Note: Google Test filter = TalkChess.UnderPromoteToCheck
[==========] Running 1 test from 1 test suite.
[----------] Global test environment set-up.
[----------] 1 test from TalkChess
[ RUN      ] TalkChess.UnderPromoteToCheck
[       OK ] TalkChess.UnderPromoteToCheck (9 ms)
[----------] 1 test from TalkChess (9 ms total)

[----------] Global test environment tear-down
[==========] 1 test from 1 test suite ran. (9 ms total)
[  PASSED  ] 1 test.
<end of output>
Test time =   0.03 sec
----------------------------------------------------------
Test Passed.
"TalkChess.UnderPromoteToCheck" end time: Jan 07 18:39 -04
"TalkChess.UnderPromoteToCheck" time elapsed: 00:00:00
----------------------------------------------------------

18/20 Testing: TalkChess.SelfStalemate
18/20 Test: TalkChess.SelfStalemate
Command: "/home/tg1117/chess_engine/test/build/hello_test" "--gtest_filter=TalkChess.SelfStalemate" "--gtest_also_run_disabled_tests"
Directory: /home/tg1117/chess_engine/test/build
"TalkChess.SelfStalemate" start time: Jan 07 18:39 -04
Output:
----------------------------------------------------------
Note: Google Test filter = TalkChess.SelfStalemate
[==========] Running 1 test from 1 test suite.
[----------] Global test environment set-up.
[----------] 1 test from TalkChess
[ RUN      ] TalkChess.SelfStalemate
[       OK ] TalkChess.SelfStalemate (0 ms)
[----------] 1 test from TalkChess (0 ms total)

[----------] Global test environment tear-down
[==========] 1 test from 1 test suite ran. (0 ms total)
[  PASSED  ] 1 test.
<end of output>
Test time =   0.02 sec
----------------------------------------------------------
Test Passed.
"TalkChess.SelfStalemate" end time: Jan 07 18:39 -04
"TalkChess.SelfStalemate" time elapsed: 00:00:00
----------------------------------------------------------

19/20 Testing: TalkChess.StaleAndCheckMate
19/20 Test: TalkChess.StaleAndCheckMate
Command: "/home/tg1117/chess_engine/test/build/hello_test" "--gtest_filter=TalkChess.StaleAndCheckMate" "--gtest_also_run_disabled_tests"
Directory: /home/tg1117/chess_engine/test/build
"TalkChess.StaleAndCheckMate" start time: Jan 07 18:39 -04
Output:
----------------------------------------------------------
Note: Google Test filter = TalkChess.StaleAndCheckMate
[==========] Running 1 test from 1 test suite.
[----------] Global test environment set-up.
[----------] 1 test from TalkChess
[ RUN      ] TalkChess.StaleAndCheckMate
[       OK ] TalkChess.StaleAndCheckMate (40 ms)
[----------] 1 test from TalkChess (40 ms total)

[----------] Global test environment tear-down
[==========] 1 test from 1 test suite ran. (40 ms total)
[  PASSED  ] 1 test.
<end of output>
Test time =   0.06 sec
----------------------------------------------------------
Test Passed.
"TalkChess.StaleAndCheckMate" end time: Jan 07 18:39 -04
"TalkChess.StaleAndCheckMate" time elapsed: 00:00:00
----------------------------------------------------------

20/20 Testing: TalkChess.StaleAndCheckMate2
20/20 Test: TalkChess.StaleAndCheckMate2
Command: "/home/tg1117/chess_engine/test/build/hello_test" "--gtest_filter=TalkChess.StaleAndCheckMate2" "--gtest_also_run_disabled_tests"
Directory: /home/tg1117/chess_engine/test/build
"TalkChess.StaleAndCheckMate2" start time: Jan 07 18:39 -04
Output:
----------------------------------------------------------
Note: Google Test filter = TalkChess.StaleAndCheckMate2
[==========] Running 1 test from 1 test suite.
[----------] Global test environment set-up.
[----------] 1 test from TalkChess
[ RUN      ] TalkChess.StaleAndCheckMate2
[       OK ] TalkChess.StaleAndCheckMate2 (3 ms)
[----------] 1 test from TalkChess (3 ms total)

[----------] Global test environment tear-down
[==========] 1 test from 1 test suite ran. (4 ms total)
[  PASSED  ] 1 test.
<end of output>
Test time =   0.02 sec
----------------------------------------------------------
Test Passed.
"TalkChess.StaleAndCheckMate2" end time: Jan 07 18:39 -04
"TalkChess.StaleAndCheckMate2" time elapsed: 00:00:00
----------------------------------------------------------

End testing: Jan 07 18:39 -04
