Start testing: Nov 12 16:50 AST
----------------------------------------------------------
1/12 Testing: HelloTest.BasicAssertions
1/12 Test: HelloTest.BasicAssertions
Command: "/home/tg1117/chess_engine/test/build/hello_test" "--gtest_filter=HelloTest.BasicAssertions" "--gtest_also_run_disabled_tests"
Directory: /home/tg1117/chess_engine/test/build
"HelloTest.BasicAssertions" start time: Nov 12 16:50 AST
Output:
----------------------------------------------------------
Running main() from /home/tg1117/chess_engine/test/build/_deps/googletest-src/googletest/src/gtest_main.cc
Note: Google Test filter = HelloTest.BasicAssertions
[==========] Running 1 test from 1 test suite.
[----------] Global test environment set-up.
[----------] 1 test from HelloTest
[ RUN      ] HelloTest.BasicAssertions
[       OK ] HelloTest.BasicAssertions (0 ms)
[----------] 1 test from HelloTest (0 ms total)

[----------] Global test environment tear-down
[==========] 1 test from 1 test suite ran. (0 ms total)
[  PASSED  ] 1 test.
<end of output>
Test time =   0.00 sec
----------------------------------------------------------
Test Passed.
"HelloTest.BasicAssertions" end time: Nov 12 16:50 AST
"HelloTest.BasicAssertions" time elapsed: 00:00:00
----------------------------------------------------------

2/12 Testing: KingTests.WhiteKingStartingMoves
2/12 Test: KingTests.WhiteKingStartingMoves
Command: "/home/tg1117/chess_engine/test/build/hello_test" "--gtest_filter=KingTests.WhiteKingStartingMoves" "--gtest_also_run_disabled_tests"
Directory: /home/tg1117/chess_engine/test/build
"KingTests.WhiteKingStartingMoves" start time: Nov 12 16:50 AST
Output:
----------------------------------------------------------
Running main() from /home/tg1117/chess_engine/test/build/_deps/googletest-src/googletest/src/gtest_main.cc
Note: Google Test filter = KingTests.WhiteKingStartingMoves
[==========] Running 1 test from 1 test suite.
[----------] Global test environment set-up.
[----------] 1 test from KingTests
[ RUN      ] KingTests.WhiteKingStartingMoves
[       OK ] KingTests.WhiteKingStartingMoves (0 ms)
[----------] 1 test from KingTests (0 ms total)

[----------] Global test environment tear-down
[==========] 1 test from 1 test suite ran. (0 ms total)
[  PASSED  ] 1 test.
<end of output>
Test time =   0.00 sec
----------------------------------------------------------
Test Passed.
"KingTests.WhiteKingStartingMoves" end time: Nov 12 16:50 AST
"KingTests.WhiteKingStartingMoves" time elapsed: 00:00:00
----------------------------------------------------------

3/12 Testing: KingTests.EmptyBoardCenterWhiteKingMoves
3/12 Test: KingTests.EmptyBoardCenterWhiteKingMoves
Command: "/home/tg1117/chess_engine/test/build/hello_test" "--gtest_filter=KingTests.EmptyBoardCenterWhiteKingMoves" "--gtest_also_run_disabled_tests"
Directory: /home/tg1117/chess_engine/test/build
"KingTests.EmptyBoardCenterWhiteKingMoves" start time: Nov 12 16:50 AST
Output:
----------------------------------------------------------
Running main() from /home/tg1117/chess_engine/test/build/_deps/googletest-src/googletest/src/gtest_main.cc
Note: Google Test filter = KingTests.EmptyBoardCenterWhiteKingMoves
[==========] Running 1 test from 1 test suite.
[----------] Global test environment set-up.
[----------] 1 test from KingTests
[ RUN      ] KingTests.EmptyBoardCenterWhiteKingMoves
[       OK ] KingTests.EmptyBoardCenterWhiteKingMoves (0 ms)
[----------] 1 test from KingTests (0 ms total)

[----------] Global test environment tear-down
[==========] 1 test from 1 test suite ran. (0 ms total)
[  PASSED  ] 1 test.
<end of output>
Test time =   0.00 sec
----------------------------------------------------------
Test Passed.
"KingTests.EmptyBoardCenterWhiteKingMoves" end time: Nov 12 16:50 AST
"KingTests.EmptyBoardCenterWhiteKingMoves" time elapsed: 00:00:00
----------------------------------------------------------

4/12 Testing: KingTests.EmptyBoardCornerWhiteKingMoves
4/12 Test: KingTests.EmptyBoardCornerWhiteKingMoves
Command: "/home/tg1117/chess_engine/test/build/hello_test" "--gtest_filter=KingTests.EmptyBoardCornerWhiteKingMoves" "--gtest_also_run_disabled_tests"
Directory: /home/tg1117/chess_engine/test/build
"KingTests.EmptyBoardCornerWhiteKingMoves" start time: Nov 12 16:50 AST
Output:
----------------------------------------------------------
Running main() from /home/tg1117/chess_engine/test/build/_deps/googletest-src/googletest/src/gtest_main.cc
Note: Google Test filter = KingTests.EmptyBoardCornerWhiteKingMoves
[==========] Running 1 test from 1 test suite.
[----------] Global test environment set-up.
[----------] 1 test from KingTests
[ RUN      ] KingTests.EmptyBoardCornerWhiteKingMoves
[       OK ] KingTests.EmptyBoardCornerWhiteKingMoves (0 ms)
[----------] 1 test from KingTests (0 ms total)

[----------] Global test environment tear-down
[==========] 1 test from 1 test suite ran. (0 ms total)
[  PASSED  ] 1 test.
<end of output>
Test time =   0.00 sec
----------------------------------------------------------
Test Passed.
"KingTests.EmptyBoardCornerWhiteKingMoves" end time: Nov 12 16:50 AST
"KingTests.EmptyBoardCornerWhiteKingMoves" time elapsed: 00:00:00
----------------------------------------------------------

5/12 Testing: KingTests.MoveToEnemySquare
5/12 Test: KingTests.MoveToEnemySquare
Command: "/home/tg1117/chess_engine/test/build/hello_test" "--gtest_filter=KingTests.MoveToEnemySquare" "--gtest_also_run_disabled_tests"
Directory: /home/tg1117/chess_engine/test/build
"KingTests.MoveToEnemySquare" start time: Nov 12 16:50 AST
Output:
----------------------------------------------------------
Running main() from /home/tg1117/chess_engine/test/build/_deps/googletest-src/googletest/src/gtest_main.cc
Note: Google Test filter = KingTests.MoveToEnemySquare
[==========] Running 1 test from 1 test suite.
[----------] Global test environment set-up.
[----------] 1 test from KingTests
[ RUN      ] KingTests.MoveToEnemySquare
[       OK ] KingTests.MoveToEnemySquare (0 ms)
[----------] 1 test from KingTests (0 ms total)

[----------] Global test environment tear-down
[==========] 1 test from 1 test suite ran. (0 ms total)
[  PASSED  ] 1 test.
<end of output>
Test time =   0.00 sec
----------------------------------------------------------
Test Passed.
"KingTests.MoveToEnemySquare" end time: Nov 12 16:50 AST
"KingTests.MoveToEnemySquare" time elapsed: 00:00:00
----------------------------------------------------------

6/12 Testing: KnightTests.WhiteKnightStartingMoves
6/12 Test: KnightTests.WhiteKnightStartingMoves
Command: "/home/tg1117/chess_engine/test/build/hello_test" "--gtest_filter=KnightTests.WhiteKnightStartingMoves" "--gtest_also_run_disabled_tests"
Directory: /home/tg1117/chess_engine/test/build
"KnightTests.WhiteKnightStartingMoves" start time: Nov 12 16:50 AST
Output:
----------------------------------------------------------
Running main() from /home/tg1117/chess_engine/test/build/_deps/googletest-src/googletest/src/gtest_main.cc
Note: Google Test filter = KnightTests.WhiteKnightStartingMoves
[==========] Running 1 test from 1 test suite.
[----------] Global test environment set-up.
[----------] 1 test from KnightTests
[ RUN      ] KnightTests.WhiteKnightStartingMoves
[       OK ] KnightTests.WhiteKnightStartingMoves (0 ms)
[----------] 1 test from KnightTests (0 ms total)

[----------] Global test environment tear-down
[==========] 1 test from 1 test suite ran. (0 ms total)
[  PASSED  ] 1 test.
<end of output>
Test time =   0.00 sec
----------------------------------------------------------
Test Passed.
"KnightTests.WhiteKnightStartingMoves" end time: Nov 12 16:50 AST
"KnightTests.WhiteKnightStartingMoves" time elapsed: 00:00:00
----------------------------------------------------------

7/12 Testing: KnightTests.EmptyBoardCenter
7/12 Test: KnightTests.EmptyBoardCenter
Command: "/home/tg1117/chess_engine/test/build/hello_test" "--gtest_filter=KnightTests.EmptyBoardCenter" "--gtest_also_run_disabled_tests"
Directory: /home/tg1117/chess_engine/test/build
"KnightTests.EmptyBoardCenter" start time: Nov 12 16:50 AST
Output:
----------------------------------------------------------
Running main() from /home/tg1117/chess_engine/test/build/_deps/googletest-src/googletest/src/gtest_main.cc
Note: Google Test filter = KnightTests.EmptyBoardCenter
[==========] Running 1 test from 1 test suite.
[----------] Global test environment set-up.
[----------] 1 test from KnightTests
[ RUN      ] KnightTests.EmptyBoardCenter
[       OK ] KnightTests.EmptyBoardCenter (0 ms)
[----------] 1 test from KnightTests (0 ms total)

[----------] Global test environment tear-down
[==========] 1 test from 1 test suite ran. (0 ms total)
[  PASSED  ] 1 test.
<end of output>
Test time =   0.00 sec
----------------------------------------------------------
Test Passed.
"KnightTests.EmptyBoardCenter" end time: Nov 12 16:50 AST
"KnightTests.EmptyBoardCenter" time elapsed: 00:00:00
----------------------------------------------------------

8/12 Testing: KnightTests.EmptyBoardCornerKnightMoves
8/12 Test: KnightTests.EmptyBoardCornerKnightMoves
Command: "/home/tg1117/chess_engine/test/build/hello_test" "--gtest_filter=KnightTests.EmptyBoardCornerKnightMoves" "--gtest_also_run_disabled_tests"
Directory: /home/tg1117/chess_engine/test/build
"KnightTests.EmptyBoardCornerKnightMoves" start time: Nov 12 16:50 AST
Output:
----------------------------------------------------------
Running main() from /home/tg1117/chess_engine/test/build/_deps/googletest-src/googletest/src/gtest_main.cc
Note: Google Test filter = KnightTests.EmptyBoardCornerKnightMoves
[==========] Running 1 test from 1 test suite.
[----------] Global test environment set-up.
[----------] 1 test from KnightTests
[ RUN      ] KnightTests.EmptyBoardCornerKnightMoves
[       OK ] KnightTests.EmptyBoardCornerKnightMoves (0 ms)
[----------] 1 test from KnightTests (0 ms total)

[----------] Global test environment tear-down
[==========] 1 test from 1 test suite ran. (0 ms total)
[  PASSED  ] 1 test.
<end of output>
Test time =   0.00 sec
----------------------------------------------------------
Test Passed.
"KnightTests.EmptyBoardCornerKnightMoves" end time: Nov 12 16:50 AST
"KnightTests.EmptyBoardCornerKnightMoves" time elapsed: 00:00:00
----------------------------------------------------------

9/12 Testing: KnightTests.KnightMoveToEnemySquare
9/12 Test: KnightTests.KnightMoveToEnemySquare
Command: "/home/tg1117/chess_engine/test/build/hello_test" "--gtest_filter=KnightTests.KnightMoveToEnemySquare" "--gtest_also_run_disabled_tests"
Directory: /home/tg1117/chess_engine/test/build
"KnightTests.KnightMoveToEnemySquare" start time: Nov 12 16:50 AST
Output:
----------------------------------------------------------
Running main() from /home/tg1117/chess_engine/test/build/_deps/googletest-src/googletest/src/gtest_main.cc
Note: Google Test filter = KnightTests.KnightMoveToEnemySquare
[==========] Running 1 test from 1 test suite.
[----------] Global test environment set-up.
[----------] 1 test from KnightTests
[ RUN      ] KnightTests.KnightMoveToEnemySquare
[       OK ] KnightTests.KnightMoveToEnemySquare (0 ms)
[----------] 1 test from KnightTests (0 ms total)

[----------] Global test environment tear-down
[==========] 1 test from 1 test suite ran. (0 ms total)
[  PASSED  ] 1 test.
<end of output>
Test time =   0.00 sec
----------------------------------------------------------
Test Passed.
"KnightTests.KnightMoveToEnemySquare" end time: Nov 12 16:50 AST
"KnightTests.KnightMoveToEnemySquare" time elapsed: 00:00:00
----------------------------------------------------------

10/12 Testing: PawnTests.WhitePawnsStartingMoves
10/12 Test: PawnTests.WhitePawnsStartingMoves
Command: "/home/tg1117/chess_engine/test/build/hello_test" "--gtest_filter=PawnTests.WhitePawnsStartingMoves" "--gtest_also_run_disabled_tests"
Directory: /home/tg1117/chess_engine/test/build
"PawnTests.WhitePawnsStartingMoves" start time: Nov 12 16:50 AST
Output:
----------------------------------------------------------
Running main() from /home/tg1117/chess_engine/test/build/_deps/googletest-src/googletest/src/gtest_main.cc
Note: Google Test filter = PawnTests.WhitePawnsStartingMoves
[==========] Running 1 test from 1 test suite.
[----------] Global test environment set-up.
[----------] 1 test from PawnTests
[ RUN      ] PawnTests.WhitePawnsStartingMoves
[       OK ] PawnTests.WhitePawnsStartingMoves (0 ms)
[----------] 1 test from PawnTests (0 ms total)

[----------] Global test environment tear-down
[==========] 1 test from 1 test suite ran. (0 ms total)
[  PASSED  ] 1 test.
<end of output>
Test time =   0.01 sec
----------------------------------------------------------
Test Passed.
"PawnTests.WhitePawnsStartingMoves" end time: Nov 12 16:50 AST
"PawnTests.WhitePawnsStartingMoves" time elapsed: 00:00:00
----------------------------------------------------------

11/12 Testing: PawnTests.BlockedByOpponent
11/12 Test: PawnTests.BlockedByOpponent
Command: "/home/tg1117/chess_engine/test/build/hello_test" "--gtest_filter=PawnTests.BlockedByOpponent" "--gtest_also_run_disabled_tests"
Directory: /home/tg1117/chess_engine/test/build
"PawnTests.BlockedByOpponent" start time: Nov 12 16:50 AST
Output:
----------------------------------------------------------
Running main() from /home/tg1117/chess_engine/test/build/_deps/googletest-src/googletest/src/gtest_main.cc
Note: Google Test filter = PawnTests.BlockedByOpponent
[==========] Running 1 test from 1 test suite.
[----------] Global test environment set-up.
[----------] 1 test from PawnTests
[ RUN      ] PawnTests.BlockedByOpponent
[       OK ] PawnTests.BlockedByOpponent (0 ms)
[----------] 1 test from PawnTests (0 ms total)

[----------] Global test environment tear-down
[==========] 1 test from 1 test suite ran. (0 ms total)
[  PASSED  ] 1 test.
<end of output>
Test time =   0.00 sec
----------------------------------------------------------
Test Passed.
"PawnTests.BlockedByOpponent" end time: Nov 12 16:50 AST
"PawnTests.BlockedByOpponent" time elapsed: 00:00:00
----------------------------------------------------------

12/12 Testing: PawnTests.CaputureEnemyPiece
12/12 Test: PawnTests.CaputureEnemyPiece
Command: "/home/tg1117/chess_engine/test/build/hello_test" "--gtest_filter=PawnTests.CaputureEnemyPiece" "--gtest_also_run_disabled_tests"
Directory: /home/tg1117/chess_engine/test/build
"PawnTests.CaputureEnemyPiece" start time: Nov 12 16:50 AST
Output:
----------------------------------------------------------
Running main() from /home/tg1117/chess_engine/test/build/_deps/googletest-src/googletest/src/gtest_main.cc
Note: Google Test filter = PawnTests.CaputureEnemyPiece
[==========] Running 1 test from 1 test suite.
[----------] Global test environment set-up.
[----------] 1 test from PawnTests
[ RUN      ] PawnTests.CaputureEnemyPiece
[       OK ] PawnTests.CaputureEnemyPiece (0 ms)
[----------] 1 test from PawnTests (0 ms total)

[----------] Global test environment tear-down
[==========] 1 test from 1 test suite ran. (0 ms total)
[  PASSED  ] 1 test.
<end of output>
Test time =   0.00 sec
----------------------------------------------------------
Test Passed.
"PawnTests.CaputureEnemyPiece" end time: Nov 12 16:50 AST
"PawnTests.CaputureEnemyPiece" time elapsed: 00:00:00
----------------------------------------------------------

End testing: Nov 12 16:50 AST
